<?xml version="1.0" encoding="UTF-8"?>
<!-- Generated by org.testng.reporters.JUnitXMLReporter -->
<testsuite ignored="0" hostname="MAVBCP2226" failures="0" tests="3" name="Default test" time="95.859" errors="0" timestamp="2022-01-15T14:22:12 IST">
  <testcase classname="com.parallel.tests.ParallelMechanismTestwise" name="executSessionOne" time="64.325"/>
  <testcase classname="com.parallel.tests.ParallelMechanismTestwise" name="executeSessionTwo" time="13.047"/>
  <testcase classname="com.parallel.tests.ParallelMechanismTestwise" name="executSessionThree" time="18.42"/>
</testsuite> <!-- Default test -->
