<?xml version="1.0" encoding="UTF-8"?>
<testng-results ignored="0" total="2" passed="2" failed="0" skipped="0">
  <reporter-output>
  </reporter-output>
  <suite started-at="2022-01-15T18:40:36 IST" name="TestSuite" finished-at="2022-01-15T18:40:55 IST" duration-ms="19133">
    <groups>
    </groups>
    <test started-at="2022-01-15T18:40:36 IST" name="ChromeTest" finished-at="2022-01-15T18:40:53 IST" duration-ms="17028">
      <class name="com.multiple.browser.MultipleBrowserMechanism">
        <test-method is-config="true" signature="setup(java.lang.String)[pri:0, instance:com.multiple.browser.MultipleBrowserMechanism@2a265ea9]" started-at="2022-01-15T18:40:36 IST" name="setup" finished-at="2022-01-15T18:40:45 IST" duration-ms="9254" status="PASS">
          <params>
            <param index="0">
              <value>
                <![CDATA[Chrome]]>
              </value>
            </param>
          </params>
          <reporter-output>
          </reporter-output>
        </test-method> <!-- setup -->
        <test-method signature="testParameterWithXML()[pri:0, instance:com.multiple.browser.MultipleBrowserMechanism@2a265ea9]" started-at="2022-01-15T18:40:45 IST" name="testParameterWithXML" finished-at="2022-01-15T18:40:53 IST" duration-ms="7713" status="PASS">
          <reporter-output>
          </reporter-output>
        </test-method> <!-- testParameterWithXML -->
      </class> <!-- com.multiple.browser.MultipleBrowserMechanism -->
    </test> <!-- ChromeTest -->
    <test started-at="2022-01-15T18:40:36 IST" name="FirefoxTest" finished-at="2022-01-15T18:40:55 IST" duration-ms="19133">
      <class name="com.multiple.browser.MultipleBrowserMechanism">
        <test-method is-config="true" signature="setup(java.lang.String)[pri:0, instance:com.multiple.browser.MultipleBrowserMechanism@28261e8e]" started-at="2022-01-15T18:40:36 IST" name="setup" finished-at="2022-01-15T18:40:48 IST" duration-ms="11974" status="PASS">
          <params>
            <param index="0">
              <value>
                <![CDATA[Firefox]]>
              </value>
            </param>
          </params>
          <reporter-output>
          </reporter-output>
        </test-method> <!-- setup -->
        <test-method signature="testParameterWithXML()[pri:0, instance:com.multiple.browser.MultipleBrowserMechanism@28261e8e]" started-at="2022-01-15T18:40:48 IST" name="testParameterWithXML" finished-at="2022-01-15T18:40:55 IST" duration-ms="7149" status="PASS">
          <reporter-output>
          </reporter-output>
        </test-method> <!-- testParameterWithXML -->
      </class> <!-- com.multiple.browser.MultipleBrowserMechanism -->
    </test> <!-- FirefoxTest -->
  </suite> <!-- TestSuite -->
</testng-results>
