<?xml version="1.0" encoding="UTF-8"?>
<!-- Generated by org.testng.reporters.JUnitXMLReporter -->
<testsuite ignored="0" hostname="MAVBCP2226" failures="0" tests="3" name="Test Parallel Methods" time="34.276" errors="0" timestamp="2022-01-15T14:26:15 IST">
  <testcase classname="com.parallel.tests.ParallelMechanismTestwise" name="executeSessionTwo" time="30.85"/>
  <testcase classname="com.parallel.tests.ParallelMechanismTestwise" name="executSessionThree" time="33.056"/>
  <testcase classname="com.parallel.tests.ParallelMechanismTestwise" name="executSessionOne" time="34.199"/>
</testsuite> <!-- Test Parallel Methods -->
